#
# A fatal error has been detected by the Java Runtime Environment:
#
#  Internal Error (javaClasses.cpp:136), pid=14924, tid=12544
#  fatal error: Invalid layout of preloaded class
#
# JRE version:  (7.0_75-b13) (build )
# Java VM: Java HotSpot(TM) 64-Bit Server VM (24.75-b04 mixed mode windows-amd64 compressed oops)
# Failed to write core dump. Minidumps are not enabled by default on client versions of Windows
#
# If you would like to submit a bug report, please visit:
#   http://bugreport.sun.com/bugreport/crash.jsp
#

---------------  T H R E A D  ---------------

Current thread (0x00000000032f2800):  JavaThread "Unknown thread" [_thread_in_vm, id=12544, stack(0x00000000031f0000,0x00000000032f0000)]

Stack: [0x00000000031f0000,0x00000000032f0000]

---------------  P R O C E S S  ---------------

Java Threads: ( => current thread )

Other Threads:

=>0x00000000032f2800 (exited) JavaThread "Unknown thread" [_thread_in_vm, id=12544, stack(0x00000000031f0000,0x00000000032f0000)]

VM state:not at safepoint (not fully initialized)

VM Mutex/Monitor currently owned by a thread: None

GC Heap History (0 events):
No events

Deoptimization events (0 events):
No events

Internal exceptions (0 events):
No events

Events (10 events):
Event: 0.007 loading class 0x0000000003338bb0 done
Event: 0.007 loading class 0x00000000033385b0 done
Event: 0.007 loading class 0x0000000003338590
Event: 0.007 loading class 0x0000000003340740
Event: 0.007 loading class 0x0000000003340740 done
Event: 0.007 loading class 0x0000000003340770
Event: 0.007 loading class 0x0000000003340770 done
Event: 0.007 loading class 0x00000000033407a0
Event: 0.007 loading class 0x00000000033407a0 done
Event: 0.007 loading class 0x0000000003338590 done


Dynamic libraries:
0x00007ff63cfa0000 - 0x00007ff63cfd3000 	D:\Program Files\Java\jdk1.7.0_75\bin\javaw.exe
0x00007ffc06780000 - 0x00007ffc06951000 	C:\WINDOWS\SYSTEM32\ntdll.dll
0x00007ffc05be0000 - 0x00007ffc05c8b000 	C:\WINDOWS\System32\KERNEL32.DLL
0x00007ffc02d70000 - 0x00007ffc02f8d000 	C:\WINDOWS\System32\KERNELBASE.dll
0x00007ffc05b30000 - 0x00007ffc05bd2000 	C:\WINDOWS\System32\ADVAPI32.dll
0x00007ffc06240000 - 0x00007ffc062de000 	C:\WINDOWS\System32\msvcrt.dll
0x00007ffc05530000 - 0x00007ffc05589000 	C:\WINDOWS\System32\sechost.dll
0x00007ffc05400000 - 0x00007ffc05521000 	C:\WINDOWS\System32\RPCRT4.dll
0x00007ffc05590000 - 0x00007ffc056f5000 	C:\WINDOWS\System32\USER32.dll
0x00007ffc02f90000 - 0x00007ffc02fae000 	C:\WINDOWS\System32\win32u.dll
0x00007ffc06310000 - 0x00007ffc06344000 	C:\WINDOWS\System32\GDI32.dll
0x00007ffc03b60000 - 0x00007ffc03ce2000 	C:\WINDOWS\System32\gdi32full.dll
0x00007ffbfb880000 - 0x00007ffbfbaf9000 	C:\WINDOWS\WinSxS\amd64_microsoft.windows.common-controls_6595b64144ccf1df_6.0.14393.447_none_42191651c6827bb3\COMCTL32.dll
0x00007ffc05f70000 - 0x00007ffc06238000 	C:\WINDOWS\System32\combase.dll
0x00007ffc03890000 - 0x00007ffc03985000 	C:\WINDOWS\System32\ucrtbase.dll
0x00007ffc02c50000 - 0x00007ffc02cba000 	C:\WINDOWS\System32\bcryptPrimitives.dll
0x00007ffc05700000 - 0x00007ffc0572e000 	C:\WINDOWS\System32\IMM32.DLL
0x0000000076d60000 - 0x0000000076e32000 	D:\Program Files\Java\jdk1.7.0_75\jre\bin\msvcr100.dll
0x0000000076300000 - 0x0000000076ad4000 	D:\Program Files\Java\jdk1.7.0_75\jre\bin\server\jvm.dll
0x00007ffc06300000 - 0x00007ffc06308000 	C:\WINDOWS\System32\PSAPI.DLL
0x00007ffbf9000000 - 0x00007ffbf9009000 	C:\WINDOWS\SYSTEM32\WSOCK32.dll
0x00007ffc00bf0000 - 0x00007ffc00c13000 	C:\WINDOWS\SYSTEM32\WINMM.dll
0x00007ffc05ee0000 - 0x00007ffc05f4a000 	C:\WINDOWS\System32\WS2_32.dll
0x00007ffc00930000 - 0x00007ffc0095b000 	C:\WINDOWS\SYSTEM32\WINMMBASE.dll
0x00007ffc02fb0000 - 0x00007ffc02ff2000 	C:\WINDOWS\System32\cfgmgr32.dll
0x0000000077000000 - 0x000000007700f000 	D:\Program Files\Java\jdk1.7.0_75\jre\bin\verify.dll
0x00000000762d0000 - 0x00000000762f8000 	D:\Program Files\Java\jdk1.7.0_75\jre\bin\java.dll
0x0000000076fe0000 - 0x0000000076ff5000 	D:\Program Files\Java\jdk1.7.0_75\jre\bin\zip.dll

VM Arguments:
jvm_args: -Dfile.encoding=UTF-8 -Xbootclasspath:D:\Program Files\adt-bundle-windows\sdk\platforms\android-21\android.jar 
java_command: org.eclipse.jdt.internal.junit.runner.RemoteTestRunner -version 3 -port 49201 -testLoaderClass org.eclipse.jdt.internal.junit.runner.junit3.JUnit3TestLoader -loaderpluginname org.eclipse.jdt.junit.runtime -classNames com.sg.view.test.LinkTest
Launcher Type: SUN_STANDARD

Environment Variables:
JAVA_HOME=D:\Program Files\Java\jdk1.7.0_75
CLASSPATH=.;D:\Program Files\Java\jdk1.7.0_75\lib;D:\Program Files\Java\jdk1.7.0_75\lib\tools.jar
PATH=D:/Program Files/Java/jdk1.8.0_40/bin/server;D:/Program Files/Java/jdk1.8.0_40/bin;D:/Program Files/Java/jdk1.8.0_40/lib/amd64;C:\ProgramData\Oracle\Java\javapath;"D:\Program Files\Python27\Scripts";"D:\Program Files\Python27";D:\Program Files\Java\jdk1.7.0_75\bin;D:\Program Files\Java\jdk1.7.0_75\jre\bin;D:\MyProgramFiles\android-ndk-r10e;D:\Program Files\Python27;C:\app\Vampire\product\11.2.0\dbhome_1\bin;D:\Program Files\TortoiseSVN\bin;D:\Program Files\nodejs\;D:\Program Files\adt-bundle-windows\sdk\platform-tools;D:\Program Files\apache-maven-3.0.5\bin;C:\WINDOWS\system32;C:\WINDOWS;C:\WINDOWS\System32\Wbem;C:\WINDOWS\System32\WindowsPowerShell\v1.0\;C:\Program Files\Microsoft SQL Server\120\DTS\Binn\;C:\Program Files\Microsoft SQL Server\Client SDK\ODBC\110\Tools\Binn\;C:\Program Files (x86)\Microsoft SQL Server\120\Tools\Binn\;C:\Program Files\Microsoft SQL Server\120\Tools\Binn\;C:\Program Files (x86)\Microsoft SQL Server\120\Tools\Binn\ManagementStudio\;C:\Program Files (x86)\Microsoft SQL Server\120\DTS\Binn\;C:\Program Files\Microsoft SQL Server\110\DTS\Binn\;C:\Program Files (x86)\Microsoft SQL Server\110\Tools\Binn\;C:\Program Files\Microsoft SQL Server\110\Tools\Binn\;C:\Program Files (x86)\Microsoft SQL Server\110\Tools\Binn\ManagementStudio\;C:\Program Files (x86)\Microsoft Visual Studio 10.0\Common7\IDE\PrivateAssemblies\;C:\Program Files (x86)\Microsoft SQL Server\110\DTS\Binn\;C:\WINDOWS\system32\config\systemprofile\.dnx\bin;C:\Program Files\Microsoft DNX\Dnvm\;C:\Program Files\Microsoft SQL Server\130\Tools\Binn\;D:\Program Files\cocos2d-x-3.7\templates;D:\Program Files\cocos2d-x-3.7\tools\cocos2d-console\bin;C:\windows\system32\;D:\Program Files\IDM Computer Solutions\UltraEdit\;C:\Users\Vampire\AppData\Roaming\npm;D:\Program Files\adt-bundle-windows\sdk\build-tools\21.1.1;USERPROFILE\AppData\Local\Microsoft\WindowsApps;;D:\Program Files\adt-bundle-windows\eclipse;
USERNAME=Vampire
OS=Windows_NT
PROCESSOR_IDENTIFIER=Intel64 Family 6 Model 60 Stepping 3, GenuineIntel



---------------  S Y S T E M  ---------------

OS: Windows 8.1 , 64 bit Build 9600 

CPU:total 4 (2 cores per cpu, 2 threads per core) family 6 model 60 stepping 3, cmov, cx8, fxsr, mmx, sse, sse2, sse3, ssse3, sse4.1, sse4.2, popcnt, avx, avx2, aes, erms, ht, tsc, tscinvbit

Memory: 4k page, physical 8338380k(2082708k free), swap 16726988k(5951548k free)

vm_info: Java HotSpot(TM) 64-Bit Server VM (24.75-b04) for windows-amd64 JRE (1.7.0_75-b13), built on Dec 18 2014 17:15:01 by "java_re" with unknown MS VC++:1600

time: Thu Mar 09 18:34:58 2017
elapsed time: 0 seconds

